<?xml version="1.0" encoding="UTF-8"?>
<coverage generated="1778703758266" clover="3.2.0">
  <project timestamp="1778703758266" name="All files">
    <metrics statements="50" coveredstatements="26" conditionals="31" coveredconditionals="13" methods="23" coveredmethods="11" elements="104" coveredelements="50" complexity="0" loc="50" ncloc="50" packages="2" files="4" classes="4"/>
    <package name="components.master">
      <metrics statements="20" coveredstatements="11" conditionals="13" coveredconditionals="9" methods="13" coveredmethods="6"/>
      <file name="MasterCard.jsx" path="/Users/shocka/Projects/OnesToManys/projectflow/frontend-react/src/components/master/MasterCard.jsx">
        <metrics statements="9" coveredstatements="4" conditionals="8" coveredconditionals="4" methods="5" coveredmethods="2"/>
        <line num="16" count="1" type="stmt"/>
        <line num="18" count="1" type="cond" truecount="1" falsecount="1"/>
        <line num="19" count="0" type="stmt"/>
        <line num="25" count="0" type="stmt"/>
        <line num="26" count="0" type="stmt"/>
        <line num="37" count="1" type="stmt"/>
        <line num="42" count="1" type="stmt"/>
        <line num="48" count="0" type="stmt"/>
        <line num="51" count="0" type="stmt"/>
      </file>
      <file name="MasterForm.jsx" path="/Users/shocka/Projects/OnesToManys/projectflow/frontend-react/src/components/master/MasterForm.jsx">
        <metrics statements="6" coveredstatements="2" conditionals="3" coveredconditionals="3" methods="6" coveredmethods="2"/>
        <line num="10" count="2" type="stmt"/>
        <line num="15" count="1" type="stmt"/>
        <line num="20" count="0" type="stmt"/>
        <line num="25" count="0" type="stmt"/>
        <line num="30" count="0" type="stmt"/>
        <line num="35" count="0" type="stmt"/>
      </file>
      <file name="MasterList.jsx" path="/Users/shocka/Projects/OnesToManys/projectflow/frontend-react/src/components/master/MasterList.jsx">
        <metrics statements="5" coveredstatements="5" conditionals="2" coveredconditionals="2" methods="2" coveredmethods="2"/>
        <line num="16" count="2" type="cond" truecount="2" falsecount="0"/>
        <line num="17" count="1" type="stmt"/>
        <line num="20" count="1" type="stmt"/>
        <line num="23" count="1" type="stmt"/>
        <line num="25" count="1" type="stmt"/>
      </file>
    </package>
    <package name="hooks">
      <metrics statements="30" coveredstatements="15" conditionals="18" coveredconditionals="4" methods="10" coveredmethods="5"/>
      <file name="useMasterRecords.js" path="/Users/shocka/Projects/OnesToManys/projectflow/frontend-react/src/hooks/useMasterRecords.js">
        <metrics statements="30" coveredstatements="15" conditionals="18" coveredconditionals="4" methods="10" coveredmethods="5"/>
        <line num="11" count="4" type="stmt"/>
        <line num="19" count="4" type="stmt"/>
        <line num="20" count="4" type="stmt"/>
        <line num="29" count="2" type="stmt"/>
        <line num="39" count="2" type="cond" truecount="2" falsecount="0"/>
        <line num="43" count="2" type="stmt"/>
        <line num="44" count="2" type="stmt"/>
        <line num="46" count="2" type="cond" truecount="2" falsecount="0"/>
        <line num="47" count="1" type="stmt"/>
        <line num="48" count="1" type="stmt"/>
        <line num="51" count="1" type="stmt"/>
        <line num="52" count="1" type="stmt"/>
        <line num="57" count="1" type="stmt"/>
        <line num="58" count="1" type="stmt"/>
        <line num="63" count="0" type="stmt"/>
        <line num="64" count="0" type="stmt"/>
        <line num="74" count="0" type="stmt"/>
        <line num="76" count="0" type="cond" truecount="0" falsecount="2"/>
        <line num="77" count="0" type="stmt"/>
        <line num="78" count="0" type="stmt"/>
        <line num="81" count="0" type="stmt"/>
        <line num="82" count="0" type="stmt"/>
        <line num="87" count="0" type="stmt"/>
        <line num="88" count="0" type="stmt"/>
        <line num="93" count="0" type="stmt"/>
        <line num="94" count="0" type="stmt"/>
        <line num="95" count="0" type="cond" truecount="0" falsecount="2"/>
        <line num="96" count="0" type="stmt"/>
        <line num="98" count="0" type="stmt"/>
        <line num="102" count="4" type="stmt"/>
      </file>
    </package>
  </project>
</coverage>
