<?xml version="1.0" encoding="UTF-8"?>
<coverage generated="1778704236830" clover="3.2.0">
  <project timestamp="1778704236831" name="All files">
    <metrics statements="99" coveredstatements="64" conditionals="66" coveredconditionals="36" methods="47" coveredmethods="28" elements="212" coveredelements="128" complexity="0" loc="99" ncloc="99" packages="3" files="8" classes="8"/>
    <package name="components.detail">
      <metrics statements="21" coveredstatements="12" conditionals="15" coveredconditionals="10" methods="14" coveredmethods="7"/>
      <file name="DetailCard.jsx" path="/Users/shocka/Projects/OnesToManys/projectflow/frontend-react/src/components/detail/DetailCard.jsx">
        <metrics statements="8" coveredstatements="4" conditionals="8" coveredconditionals="4" methods="4" coveredmethods="2"/>
        <line num="15" count="1" type="stmt"/>
        <line num="17" count="1" type="cond" truecount="1" falsecount="1"/>
        <line num="18" count="0" type="stmt"/>
        <line num="25" count="0" type="stmt"/>
        <line num="26" count="0" type="stmt"/>
        <line num="37" count="1" type="stmt"/>
        <line num="44" count="1" type="stmt"/>
        <line num="47" count="0" type="stmt"/>
      </file>
      <file name="DetailForm.jsx" path="/Users/shocka/Projects/OnesToManys/projectflow/frontend-react/src/components/detail/DetailForm.jsx">
        <metrics statements="8" coveredstatements="3" conditionals="5" coveredconditionals="4" methods="8" coveredmethods="3"/>
        <line num="11" count="2" type="stmt"/>
        <line num="15" count="0" type="stmt"/>
        <line num="19" count="1" type="stmt"/>
        <line num="27" count="1" type="stmt"/>
        <line num="32" count="0" type="stmt"/>
        <line num="37" count="0" type="stmt"/>
        <line num="42" count="0" type="stmt"/>
        <line num="47" count="0" type="stmt"/>
      </file>
      <file name="DetailList.jsx" path="/Users/shocka/Projects/OnesToManys/projectflow/frontend-react/src/components/detail/DetailList.jsx">
        <metrics statements="5" coveredstatements="5" conditionals="2" coveredconditionals="2" methods="2" coveredmethods="2"/>
        <line num="15" count="2" type="cond" truecount="2" falsecount="0"/>
        <line num="16" count="1" type="stmt"/>
        <line num="19" count="1" type="stmt"/>
        <line num="22" count="1" type="stmt"/>
        <line num="24" count="1" type="stmt"/>
      </file>
    </package>
    <package name="components.master">
      <metrics statements="20" coveredstatements="11" conditionals="13" coveredconditionals="9" methods="13" coveredmethods="6"/>
      <file name="MasterCard.jsx" path="/Users/shocka/Projects/OnesToManys/projectflow/frontend-react/src/components/master/MasterCard.jsx">
        <metrics statements="9" coveredstatements="4" conditionals="8" coveredconditionals="4" methods="5" coveredmethods="2"/>
        <line num="16" count="1" type="stmt"/>
        <line num="18" count="1" type="cond" truecount="1" falsecount="1"/>
        <line num="19" count="0" type="stmt"/>
        <line num="25" count="0" type="stmt"/>
        <line num="26" count="0" type="stmt"/>
        <line num="37" count="1" type="stmt"/>
        <line num="42" count="1" type="stmt"/>
        <line num="48" count="0" type="stmt"/>
        <line num="51" count="0" type="stmt"/>
      </file>
      <file name="MasterForm.jsx" path="/Users/shocka/Projects/OnesToManys/projectflow/frontend-react/src/components/master/MasterForm.jsx">
        <metrics statements="6" coveredstatements="2" conditionals="3" coveredconditionals="3" methods="6" coveredmethods="2"/>
        <line num="10" count="2" type="stmt"/>
        <line num="15" count="1" type="stmt"/>
        <line num="20" count="0" type="stmt"/>
        <line num="25" count="0" type="stmt"/>
        <line num="30" count="0" type="stmt"/>
        <line num="35" count="0" type="stmt"/>
      </file>
      <file name="MasterList.jsx" path="/Users/shocka/Projects/OnesToManys/projectflow/frontend-react/src/components/master/MasterList.jsx">
        <metrics statements="5" coveredstatements="5" conditionals="2" coveredconditionals="2" methods="2" coveredmethods="2"/>
        <line num="16" count="2" type="cond" truecount="2" falsecount="0"/>
        <line num="17" count="1" type="stmt"/>
        <line num="20" count="1" type="stmt"/>
        <line num="23" count="1" type="stmt"/>
        <line num="25" count="1" type="stmt"/>
      </file>
    </package>
    <package name="hooks">
      <metrics statements="58" coveredstatements="41" conditionals="38" coveredconditionals="17" methods="20" coveredmethods="15"/>
      <file name="useDetailRecords.js" path="/Users/shocka/Projects/OnesToManys/projectflow/frontend-react/src/hooks/useDetailRecords.js">
        <metrics statements="28" coveredstatements="26" conditionals="20" coveredconditionals="13" methods="10" coveredmethods="10"/>
        <line num="4" count="7" type="stmt"/>
        <line num="13" count="7" type="stmt"/>
        <line num="14" count="7" type="stmt"/>
        <line num="24" count="3" type="stmt"/>
        <line num="35" count="3" type="cond" truecount="4" falsecount="0"/>
        <line num="39" count="2" type="stmt"/>
        <line num="40" count="2" type="stmt"/>
        <line num="42" count="2" type="cond" truecount="2" falsecount="0"/>
        <line num="43" count="1" type="stmt"/>
        <line num="44" count="1" type="stmt"/>
        <line num="47" count="1" type="stmt"/>
        <line num="48" count="1" type="stmt"/>
        <line num="53" count="1" type="stmt"/>
        <line num="61" count="1" type="stmt"/>
        <line num="66" count="1" type="stmt"/>
        <line num="67" count="1" type="stmt"/>
        <line num="78" count="1" type="stmt"/>
        <line num="80" count="1" type="cond" truecount="1" falsecount="1"/>
        <line num="81" count="0" type="stmt"/>
        <line num="82" count="0" type="stmt"/>
        <line num="85" count="1" type="stmt"/>
        <line num="86" count="1" type="stmt"/>
        <line num="91" count="1" type="stmt"/>
        <line num="92" count="1" type="stmt"/>
        <line num="97" count="1" type="stmt"/>
        <line num="98" count="1" type="stmt"/>
        <line num="99" count="1" type="stmt"/>
        <line num="103" count="7" type="stmt"/>
      </file>
      <file name="useMasterRecords.js" path="/Users/shocka/Projects/OnesToManys/projectflow/frontend-react/src/hooks/useMasterRecords.js">
        <metrics statements="30" coveredstatements="15" conditionals="18" coveredconditionals="4" methods="10" coveredmethods="5"/>
        <line num="11" count="4" type="stmt"/>
        <line num="19" count="4" type="stmt"/>
        <line num="20" count="4" type="stmt"/>
        <line num="29" count="2" type="stmt"/>
        <line num="39" count="2" type="cond" truecount="2" falsecount="0"/>
        <line num="43" count="2" type="stmt"/>
        <line num="44" count="2" type="stmt"/>
        <line num="46" count="2" type="cond" truecount="2" falsecount="0"/>
        <line num="47" count="1" type="stmt"/>
        <line num="48" count="1" type="stmt"/>
        <line num="51" count="1" type="stmt"/>
        <line num="52" count="1" type="stmt"/>
        <line num="57" count="1" type="stmt"/>
        <line num="58" count="1" type="stmt"/>
        <line num="63" count="0" type="stmt"/>
        <line num="64" count="0" type="stmt"/>
        <line num="74" count="0" type="stmt"/>
        <line num="76" count="0" type="cond" truecount="0" falsecount="2"/>
        <line num="77" count="0" type="stmt"/>
        <line num="78" count="0" type="stmt"/>
        <line num="81" count="0" type="stmt"/>
        <line num="82" count="0" type="stmt"/>
        <line num="87" count="0" type="stmt"/>
        <line num="88" count="0" type="stmt"/>
        <line num="93" count="0" type="stmt"/>
        <line num="94" count="0" type="stmt"/>
        <line num="95" count="0" type="cond" truecount="0" falsecount="2"/>
        <line num="96" count="0" type="stmt"/>
        <line num="98" count="0" type="stmt"/>
        <line num="102" count="4" type="stmt"/>
      </file>
    </package>
  </project>
</coverage>
