{"/Users/shocka/Projects/OnesToManys/projectflow/frontend-react/src/components/ProjectTaskDashboard.css": {"path":"/Users/shocka/Projects/OnesToManys/projectflow/frontend-react/src/components/ProjectTaskDashboard.css","statementMap":{},"fnMap":{},"branchMap":{},"s":{},"f":{},"b":{},"meta":{"lastBranch":0,"lastFunction":0,"lastStatement":0,"seen":{}}}
,"/Users/shocka/Projects/OnesToManys/projectflow/frontend-react/src/components/ProjectTaskDashboard.jsx": {"path":"/Users/shocka/Projects/OnesToManys/projectflow/frontend-react/src/components/ProjectTaskDashboard.jsx","statementMap":{"0":{"start":{"line":11,"column":19},"end":{"line":11,"column":46}},"1":{"start":{"line":12,"column":16},"end":{"line":12,"column":40}},"2":{"start":{"line":13,"column":28},"end":{"line":13,"column":66}},"3":{"start":{"line":14,"column":23},"end":{"line":14,"column":54}},"4":{"start":{"line":15,"column":20},"end":{"line":15,"column":50}},"5":{"start":{"line":16,"column":27},"end":{"line":16,"column":65}},"6":{"start":{"line":17,"column":23},"end":{"line":17,"column":57}},"7":{"start":{"line":18,"column":17},"end":{"line":18,"column":42}},"8":{"start":{"line":19,"column":16},"end":{"line":19,"column":40}},"9":{"start":{"line":21,"column":8},"end":{"line":48,"column":25}},"10":{"start":{"line":22,"column":4},"end":{"line":22,"column":null}},"11":{"start":{"line":23,"column":4},"end":{"line":23,"column":null}},"12":{"start":{"line":25,"column":4},"end":{"line":46,"column":null}},"13":{"start":{"line":26,"column":40},"end":{"line":26,"column":116}},"14":{"start":{"line":27,"column":27},"end":{"line":27,"column":74}},"15":{"start":{"line":28,"column":24},"end":{"line":28,"column":65}},"16":{"start":{"line":30,"column":6},"end":{"line":30,"column":null}},"17":{"start":{"line":31,"column":6},"end":{"line":31,"column":null}},"18":{"start":{"line":33,"column":6},"end":{"line":40,"column":null}},"19":{"start":{"line":34,"column":28},"end":{"line":35,"column":null}},"20":{"start":{"line":35,"column":23},"end":{"line":35,"column":79}},"21":{"start":{"line":38,"column":8},"end":{"line":40,"column":null}},"22":{"start":{"line":39,"column":10},"end":{"line":39,"column":null}},"23":{"start":{"line":40,"column":10},"end":{"line":40,"column":null}},"24":{"start":{"line":44,"column":6},"end":{"line":44,"column":null}},"25":{"start":{"line":46,"column":6},"end":{"line":46,"column":null}},"26":{"start":{"line":50,"column":2},"end":{"line":54,"column":null}},"27":{"start":{"line":51,"column":4},"end":{"line":53,"column":null}},"28":{"start":{"line":52,"column":6},"end":{"line":52,"column":null}},"29":{"start":{"line":56,"column":2},"end":{"line":93,"column":null}},"30":{"start":{"line":57,"column":20},"end":{"line":57,"column":null}},"31":{"start":{"line":60,"column":6},"end":{"line":62,"column":null}},"32":{"start":{"line":61,"column":8},"end":{"line":61,"column":null}},"33":{"start":{"line":62,"column":8},"end":{"line":62,"column":null}},"34":{"start":{"line":65,"column":6},"end":{"line":65,"column":null}},"35":{"start":{"line":67,"column":6},"end":{"line":83,"column":null}},"36":{"start":{"line":68,"column":24},"end":{"line":68,"column":85}},"37":{"start":{"line":70,"column":8},"end":{"line":71,"column":null}},"38":{"start":{"line":71,"column":10},"end":{"line":71,"column":null}},"39":{"start":{"line":74,"column":8},"end":{"line":74,"column":null}},"40":{"start":{"line":76,"column":8},"end":{"line":77,"column":null}},"41":{"start":{"line":77,"column":10},"end":{"line":77,"column":null}},"42":{"start":{"line":80,"column":8},"end":{"line":80,"column":null}},"43":{"start":{"line":82,"column":8},"end":{"line":83,"column":null}},"44":{"start":{"line":83,"column":10},"end":{"line":83,"column":null}},"45":{"start":{"line":88,"column":4},"end":{"line":88,"column":null}},"46":{"start":{"line":90,"column":4},"end":{"line":91,"column":null}},"47":{"start":{"line":91,"column":6},"end":{"line":91,"column":null}},"48":{"start":{"line":95,"column":8},"end":{"line":97,"column":null}},"49":{"start":{"line":96,"column":10},"end":{"line":96,"column":null}},"50":{"start":{"line":96,"column":37},"end":{"line":96,"column":93}},"51":{"start":{"line":101,"column":4},"end":{"line":101,"column":null}},"52":{"start":{"line":102,"column":4},"end":{"line":102,"column":null}},"53":{"start":{"line":103,"column":4},"end":{"line":103,"column":null}},"54":{"start":{"line":105,"column":4},"end":{"line":111,"column":null}},"55":{"start":{"line":106,"column":6},"end":{"line":106,"column":null}},"56":{"start":{"line":107,"column":6},"end":{"line":107,"column":null}},"57":{"start":{"line":109,"column":6},"end":{"line":109,"column":null}},"58":{"start":{"line":111,"column":6},"end":{"line":111,"column":null}},"59":{"start":{"line":125,"column":4},"end":{"line":133,"column":4}},"60":{"start":{"line":145,"column":4},"end":{"line":151,"column":4}},"61":{"start":{"line":153,"column":2},"end":{"line":154,"column":null}},"62":{"start":{"line":154,"column":4},"end":{"line":154,"column":null}},"63":{"start":{"line":157,"column":2},"end":{"line":158,"column":null}},"64":{"start":{"line":158,"column":4},"end":{"line":158,"column":null}},"65":{"start":{"line":161,"column":2},"end":{"line":206,"column":null}},"66":{"start":{"line":175,"column":35},"end":{"line":175,"column":60}},"67":{"start":{"line":198,"column":32},"end":{"line":198,"column":54}}},"fnMap":{"0":{"name":"ProjectTaskDashboard","decl":{"start":{"line":10,"column":9},"end":{"line":10,"column":32}},"loc":{"start":{"line":10,"column":32},"end":{"line":206,"column":null}},"line":10},"1":{"name":"(anonymous_1)","decl":{"start":{"line":21,"column":38},"end":{"line":21,"column":50}},"loc":{"start":{"line":21,"column":50},"end":{"line":48,"column":6}},"line":21},"2":{"name":"(anonymous_2)","decl":{"start":{"line":34,"column":41},"end":{"line":34,"column":null}},"loc":{"start":{"line":35,"column":23},"end":{"line":35,"column":79}},"line":35},"3":{"name":"(anonymous_3)","decl":{"start":{"line":50,"column":2},"end":{"line":50,"column":18}},"loc":{"start":{"line":50,"column":18},"end":{"line":54,"column":6}},"line":50},"4":{"name":"(anonymous_4)","decl":{"start":{"line":51,"column":22},"end":{"line":51,"column":34}},"loc":{"start":{"line":51,"column":34},"end":{"line":53,"column":null}},"line":51},"5":{"name":"(anonymous_5)","decl":{"start":{"line":56,"column":2},"end":{"line":56,"column":18}},"loc":{"start":{"line":56,"column":18},"end":{"line":93,"column":6}},"line":56},"6":{"name":"loadRelatedTasks","decl":{"start":{"line":59,"column":19},"end":{"line":59,"column":38}},"loc":{"start":{"line":59,"column":38},"end":{"line":83,"column":null}},"line":59},"7":{"name":"(anonymous_7)","decl":{"start":{"line":90,"column":4},"end":{"line":90,"column":17}},"loc":{"start":{"line":90,"column":17},"end":{"line":91,"column":null}},"line":90},"8":{"name":"(anonymous_8)","decl":{"start":{"line":95,"column":26},"end":{"line":95,"column":null}},"loc":{"start":{"line":96,"column":10},"end":{"line":96,"column":null}},"line":96},"9":{"name":"(anonymous_9)","decl":{"start":{"line":96,"column":19},"end":{"line":96,"column":25}},"loc":{"start":{"line":96,"column":37},"end":{"line":96,"column":93}},"line":96},"10":{"name":"runMutation","decl":{"start":{"line":100,"column":17},"end":{"line":100,"column":29}},"loc":{"start":{"line":100,"column":37},"end":{"line":111,"column":null}},"line":100},"11":{"name":"(anonymous_11)","decl":{"start":{"line":175,"column":8},"end":{"line":175,"column":35}},"loc":{"start":{"line":175,"column":35},"end":{"line":175,"column":60}},"line":175},"12":{"name":"(anonymous_12)","decl":{"start":{"line":198,"column":8},"end":{"line":198,"column":32}},"loc":{"start":{"line":198,"column":32},"end":{"line":198,"column":54}},"line":198}},"branchMap":{"0":{"loc":{"start":{"line":27,"column":27},"end":{"line":27,"column":74}},"type":"cond-expr","locations":[{"start":{"line":27,"column":57},"end":{"line":27,"column":72}},{"start":{"line":27,"column":72},"end":{"line":27,"column":74}}],"line":27},"1":{"loc":{"start":{"line":28,"column":24},"end":{"line":28,"column":65}},"type":"cond-expr","locations":[{"start":{"line":28,"column":51},"end":{"line":28,"column":63}},{"start":{"line":28,"column":63},"end":{"line":28,"column":65}}],"line":28},"2":{"loc":{"start":{"line":33,"column":6},"end":{"line":40,"column":null}},"type":"if","locations":[{"start":{"line":33,"column":6},"end":{"line":40,"column":null}},{"start":{},"end":{}}],"line":33},"3":{"loc":{"start":{"line":38,"column":8},"end":{"line":40,"column":null}},"type":"if","locations":[{"start":{"line":38,"column":8},"end":{"line":40,"column":null}},{"start":{},"end":{}}],"line":38},"4":{"loc":{"start":{"line":60,"column":6},"end":{"line":62,"column":null}},"type":"if","locations":[{"start":{"line":60,"column":6},"end":{"line":62,"column":null}},{"start":{},"end":{}}],"line":60},"5":{"loc":{"start":{"line":70,"column":8},"end":{"line":71,"column":null}},"type":"if","locations":[{"start":{"line":70,"column":8},"end":{"line":71,"column":null}},{"start":{},"end":{}}],"line":70},"6":{"loc":{"start":{"line":74,"column":24},"end":{"line":74,"column":74}},"type":"cond-expr","locations":[{"start":{"line":74,"column":56},"end":{"line":74,"column":72}},{"start":{"line":74,"column":72},"end":{"line":74,"column":74}}],"line":74},"7":{"loc":{"start":{"line":76,"column":8},"end":{"line":77,"column":null}},"type":"if","locations":[{"start":{"line":76,"column":8},"end":{"line":77,"column":null}},{"start":{},"end":{}}],"line":76},"8":{"loc":{"start":{"line":82,"column":8},"end":{"line":83,"column":null}},"type":"if","locations":[{"start":{"line":82,"column":8},"end":{"line":83,"column":null}},{"start":{},"end":{}}],"line":82},"9":{"loc":{"start":{"line":96,"column":10},"end":{"line":96,"column":null}},"type":"binary-expr","locations":[{"start":{"line":96,"column":10},"end":{"line":96,"column":94}},{"start":{"line":96,"column":98},"end":{"line":96,"column":null}}],"line":96},"10":{"loc":{"start":{"line":153,"column":2},"end":{"line":154,"column":null}},"type":"if","locations":[{"start":{"line":153,"column":2},"end":{"line":154,"column":null}},{"start":{},"end":{}}],"line":153},"11":{"loc":{"start":{"line":157,"column":2},"end":{"line":158,"column":null}},"type":"if","locations":[{"start":{"line":157,"column":2},"end":{"line":158,"column":null}},{"start":{},"end":{}}],"line":157},"12":{"loc":{"start":{"line":157,"column":6},"end":{"line":157,"column":60}},"type":"binary-expr","locations":[{"start":{"line":157,"column":6},"end":{"line":157,"column":15}},{"start":{"line":157,"column":15},"end":{"line":157,"column":40}},{"start":{"line":157,"column":40},"end":{"line":157,"column":60}}],"line":157},"13":{"loc":{"start":{"line":203,"column":8},"end":{"line":206,"column":null}},"type":"binary-expr","locations":[{"start":{"line":203,"column":8},"end":{"line":203,"column":18}},{"start":{"line":203,"column":18},"end":{"line":203,"column":null}},{"start":{"line":204,"column":8},"end":{"line":206,"column":null}}],"line":203},"14":{"loc":{"start":{"line":205,"column":11},"end":{"line":206,"column":20}},"type":"binary-expr","locations":[{"start":{"line":205,"column":11},"end":{"line":205,"column":21}},{"start":{"line":205,"column":21},"end":{"line":206,"column":20}}],"line":205},"15":{"loc":{"start":{"line":206,"column":11},"end":{"line":206,"column":null}},"type":"binary-expr","locations":[{"start":{"line":206,"column":11},"end":{"line":206,"column":20}},{"start":{"line":206,"column":20},"end":{"line":206,"column":null}}],"line":206}},"s":{"0":6,"1":6,"2":6,"3":6,"4":6,"5":6,"6":6,"7":6,"8":6,"9":6,"10":2,"11":2,"12":2,"13":2,"14":2,"15":2,"16":2,"17":2,"18":2,"19":1,"20":1,"21":1,"22":0,"23":0,"24":0,"25":2,"26":6,"27":2,"28":0,"29":6,"30":2,"31":2,"32":1,"33":1,"34":1,"35":1,"36":1,"37":1,"38":0,"39":1,"40":0,"41":0,"42":0,"43":1,"44":1,"45":2,"46":2,"47":1,"48":6,"49":4,"50":3,"51":0,"52":0,"53":0,"54":0,"55":0,"56":0,"57":0,"58":0,"59":6,"60":6,"61":6,"62":3,"63":3,"64":0,"65":3,"66":0,"67":0},"f":{"0":6,"1":2,"2":1,"3":2,"4":0,"5":2,"6":2,"7":1,"8":4,"9":3,"10":0,"11":0,"12":0},"b":{"0":[2,0],"1":[2,0],"2":[1,1],"3":[0,1],"4":[1,1],"5":[0,1],"6":[1,0],"7":[0,0],"8":[1,0],"9":[4,2],"10":[3,3],"11":[0,3],"12":[3,0,0],"13":[3,3,0],"14":[0,0],"15":[0,0]},"meta":{"lastBranch":16,"lastFunction":13,"lastStatement":68,"seen":{"f:10:9:10:32":0,"s:11:19:11:46":0,"s:12:16:12:40":1,"s:13:28:13:66":2,"s:14:23:14:54":3,"s:15:20:15:50":4,"s:16:27:16:65":5,"s:17:23:17:57":6,"s:18:17:18:42":7,"s:19:16:19:40":8,"s:21:8:48:25":9,"f:21:38:21:50":1,"s:22:4:22:Infinity":10,"s:23:4:23:Infinity":11,"s:25:4:46:Infinity":12,"s:26:40:26:116":13,"s:27:27:27:74":14,"b:27:57:27:72:27:72:27:74":0,"s:28:24:28:65":15,"b:28:51:28:63:28:63:28:65":1,"s:30:6:30:Infinity":16,"s:31:6:31:Infinity":17,"b:33:6:40:Infinity:undefined:undefined:undefined:undefined":2,"s:33:6:40:Infinity":18,"s:34:28:35:Infinity":19,"f:34:41:34:Infinity":2,"s:35:23:35:79":20,"b:38:8:40:Infinity:undefined:undefined:undefined:undefined":3,"s:38:8:40:Infinity":21,"s:39:10:39:Infinity":22,"s:40:10:40:Infinity":23,"s:44:6:44:Infinity":24,"s:46:6:46:Infinity":25,"s:50:2:54:Infinity":26,"f:50:2:50:18":3,"s:51:4:53:Infinity":27,"f:51:22:51:34":4,"s:52:6:52:Infinity":28,"s:56:2:93:Infinity":29,"f:56:2:56:18":5,"s:57:20:57:Infinity":30,"f:59:19:59:38":6,"b:60:6:62:Infinity:undefined:undefined:undefined:undefined":4,"s:60:6:62:Infinity":31,"s:61:8:61:Infinity":32,"s:62:8:62:Infinity":33,"s:65:6:65:Infinity":34,"s:67:6:83:Infinity":35,"s:68:24:68:85":36,"b:70:8:71:Infinity:undefined:undefined:undefined:undefined":5,"s:70:8:71:Infinity":37,"s:71:10:71:Infinity":38,"s:74:8:74:Infinity":39,"b:74:56:74:72:74:72:74:74":6,"b:76:8:77:Infinity:undefined:undefined:undefined:undefined":7,"s:76:8:77:Infinity":40,"s:77:10:77:Infinity":41,"s:80:8:80:Infinity":42,"b:82:8:83:Infinity:undefined:undefined:undefined:undefined":8,"s:82:8:83:Infinity":43,"s:83:10:83:Infinity":44,"s:88:4:88:Infinity":45,"s:90:4:91:Infinity":46,"f:90:4:90:17":7,"s:91:6:91:Infinity":47,"s:95:8:97:Infinity":48,"f:95:26:95:Infinity":8,"s:96:10:96:Infinity":49,"b:96:10:96:94:96:98:96:Infinity":9,"f:96:19:96:25":9,"s:96:37:96:93":50,"f:100:17:100:29":10,"s:101:4:101:Infinity":51,"s:102:4:102:Infinity":52,"s:103:4:103:Infinity":53,"s:105:4:111:Infinity":54,"s:106:6:106:Infinity":55,"s:107:6:107:Infinity":56,"s:109:6:109:Infinity":57,"s:111:6:111:Infinity":58,"s:125:4:133:4":59,"s:145:4:151:4":60,"b:153:2:154:Infinity:undefined:undefined:undefined:undefined":10,"s:153:2:154:Infinity":61,"s:154:4:154:Infinity":62,"b:157:2:158:Infinity:undefined:undefined:undefined:undefined":11,"s:157:2:158:Infinity":63,"b:157:6:157:15:157:15:157:40:157:40:157:60":12,"s:158:4:158:Infinity":64,"s:161:2:206:Infinity":65,"f:175:8:175:35":11,"s:175:35:175:60":66,"f:198:8:198:32":12,"s:198:32:198:54":67,"b:203:8:203:18:203:18:203:Infinity:204:8:206:Infinity":13,"b:205:11:205:21:205:21:206:20":14,"b:206:11:206:20:206:20:206:Infinity":15}}}
,"/Users/shocka/Projects/OnesToManys/projectflow/frontend-react/src/components/dashboard/ProjectsPanel.jsx": {"path":"/Users/shocka/Projects/OnesToManys/projectflow/frontend-react/src/components/dashboard/ProjectsPanel.jsx","statementMap":{"0":{"start":{"line":21,"column":4},"end":{"line":21,"column":null}},"1":{"start":{"line":21,"column":30},"end":{"line":21,"column":59}},"2":{"start":{"line":25,"column":4},"end":{"line":25,"column":null}},"3":{"start":{"line":25,"column":34},"end":{"line":25,"column":63}},"4":{"start":{"line":28,"column":2},"end":{"line":51,"column":null}}},"fnMap":{"0":{"name":"ProjectsPanel","decl":{"start":{"line":4,"column":9},"end":{"line":4,"column":23}},"loc":{"start":{"line":19,"column":3},"end":{"line":51,"column":null}},"line":19},"1":{"name":"updateCreateForm","decl":{"start":{"line":20,"column":11},"end":{"line":20,"column":28}},"loc":{"start":{"line":20,"column":42},"end":{"line":21,"column":null}},"line":20},"2":{"name":"(anonymous_2)","decl":{"start":{"line":21,"column":4},"end":{"line":21,"column":20}},"loc":{"start":{"line":21,"column":30},"end":{"line":21,"column":59}},"line":21},"3":{"name":"updateEditForm","decl":{"start":{"line":24,"column":11},"end":{"line":24,"column":26}},"loc":{"start":{"line":24,"column":40},"end":{"line":25,"column":null}},"line":24},"4":{"name":"(anonymous_4)","decl":{"start":{"line":25,"column":4},"end":{"line":25,"column":24}},"loc":{"start":{"line":25,"column":34},"end":{"line":25,"column":63}},"line":25}},"branchMap":{},"s":{"0":0,"1":0,"2":0,"3":0,"4":3},"f":{"0":3,"1":0,"2":0,"3":0,"4":0},"b":{},"meta":{"lastBranch":0,"lastFunction":5,"lastStatement":5,"seen":{"f:4:9:4:23":0,"f:20:11:20:28":1,"s:21:4:21:Infinity":0,"f:21:4:21:20":2,"s:21:30:21:59":1,"f:24:11:24:26":3,"s:25:4:25:Infinity":2,"f:25:4:25:24":4,"s:25:34:25:63":3,"s:28:2:51:Infinity":4}}}
,"/Users/shocka/Projects/OnesToManys/projectflow/frontend-react/src/components/dashboard/RelatedTasksPanel.jsx": {"path":"/Users/shocka/Projects/OnesToManys/projectflow/frontend-react/src/components/dashboard/RelatedTasksPanel.jsx","statementMap":{"0":{"start":{"line":2,"column":2},"end":{"line":36,"column":null}},"1":{"start":{"line":27,"column":16},"end":{"line":32,"column":null}}},"fnMap":{"0":{"name":"RelatedTasksPanel","decl":{"start":{"line":1,"column":9},"end":{"line":1,"column":27}},"loc":{"start":{"line":1,"column":80},"end":{"line":36,"column":null}},"line":1},"1":{"name":"(anonymous_1)","decl":{"start":{"line":26,"column":28},"end":{"line":26,"column":33}},"loc":{"start":{"line":27,"column":16},"end":{"line":32,"column":null}},"line":27}},"branchMap":{"0":{"loc":{"start":{"line":5,"column":7},"end":{"line":36,"column":null}},"type":"cond-expr","locations":[{"start":{"line":6,"column":8},"end":{"line":8,"column":null}},{"start":{"line":8,"column":8},"end":{"line":36,"column":null}}],"line":5},"1":{"loc":{"start":{"line":11,"column":27},"end":{"line":11,"column":70}},"type":"binary-expr","locations":[{"start":{"line":11,"column":27},"end":{"line":11,"column":53}},{"start":{"line":11,"column":53},"end":{"line":11,"column":70}}],"line":11},"2":{"loc":{"start":{"line":13,"column":22},"end":{"line":13,"column":62}},"type":"binary-expr","locations":[{"start":{"line":13,"column":22},"end":{"line":13,"column":52}},{"start":{"line":13,"column":52},"end":{"line":13,"column":62}}],"line":13},"3":{"loc":{"start":{"line":13,"column":71},"end":{"line":13,"column":null}},"type":"binary-expr","locations":[{"start":{"line":13,"column":71},"end":{"line":13,"column":99}},{"start":{"line":13,"column":99},"end":{"line":13,"column":null}}],"line":13},"4":{"loc":{"start":{"line":16,"column":15},"end":{"line":16,"column":null}},"type":"binary-expr","locations":[{"start":{"line":16,"column":15},"end":{"line":16,"column":46}},{"start":{"line":16,"column":46},"end":{"line":16,"column":null}}],"line":16},"5":{"loc":{"start":{"line":20,"column":11},"end":{"line":36,"column":null}},"type":"cond-expr","locations":[{"start":{"line":21,"column":12},"end":{"line":22,"column":27}},{"start":{"line":22,"column":14},"end":{"line":36,"column":null}}],"line":20},"6":{"loc":{"start":{"line":22,"column":14},"end":{"line":36,"column":null}},"type":"cond-expr","locations":[{"start":{"line":23,"column":12},"end":{"line":25,"column":13}},{"start":{"line":25,"column":12},"end":{"line":36,"column":null}}],"line":22},"7":{"loc":{"start":{"line":28,"column":27},"end":{"line":28,"column":78}},"type":"binary-expr","locations":[{"start":{"line":28,"column":27},"end":{"line":28,"column":46}},{"start":{"line":28,"column":46},"end":{"line":28,"column":78}}],"line":28},"8":{"loc":{"start":{"line":30,"column":31},"end":{"line":30,"column":58}},"type":"binary-expr","locations":[{"start":{"line":30,"column":31},"end":{"line":30,"column":48}},{"start":{"line":30,"column":48},"end":{"line":30,"column":58}}],"line":30},"9":{"loc":{"start":{"line":30,"column":70},"end":{"line":30,"column":null}},"type":"binary-expr","locations":[{"start":{"line":30,"column":70},"end":{"line":30,"column":85}},{"start":{"line":30,"column":85},"end":{"line":30,"column":null}}],"line":30}},"s":{"0":3,"1":1},"f":{"0":3,"1":1},"b":{"0":[1,2],"1":[2,0],"2":[2,0],"3":[2,0],"4":[2,0],"5":[0,2],"6":[1,1],"7":[1,0],"8":[1,0],"9":[1,0]},"meta":{"lastBranch":10,"lastFunction":2,"lastStatement":2,"seen":{"f:1:9:1:27":0,"s:2:2:36:Infinity":0,"b:6:8:8:Infinity:8:8:36:Infinity":0,"b:11:27:11:53:11:53:11:70":1,"b:13:22:13:52:13:52:13:62":2,"b:13:71:13:99:13:99:13:Infinity":3,"b:16:15:16:46:16:46:16:Infinity":4,"b:21:12:22:27:22:14:36:Infinity":5,"b:23:12:25:13:25:12:36:Infinity":6,"f:26:28:26:33":1,"s:27:16:32:Infinity":1,"b:28:27:28:46:28:46:28:78":7,"b:30:31:30:48:30:48:30:58":8,"b:30:70:30:85:30:85:30:Infinity":9}}}
,"/Users/shocka/Projects/OnesToManys/projectflow/frontend-react/src/components/dashboard/TasksPanel.jsx": {"path":"/Users/shocka/Projects/OnesToManys/projectflow/frontend-react/src/components/dashboard/TasksPanel.jsx","statementMap":{"0":{"start":{"line":21,"column":4},"end":{"line":21,"column":null}},"1":{"start":{"line":21,"column":27},"end":{"line":21,"column":56}},"2":{"start":{"line":25,"column":4},"end":{"line":25,"column":null}},"3":{"start":{"line":25,"column":31},"end":{"line":25,"column":60}},"4":{"start":{"line":28,"column":2},"end":{"line":51,"column":null}}},"fnMap":{"0":{"name":"TasksPanel","decl":{"start":{"line":4,"column":9},"end":{"line":4,"column":20}},"loc":{"start":{"line":19,"column":3},"end":{"line":51,"column":null}},"line":19},"1":{"name":"updateCreateForm","decl":{"start":{"line":20,"column":11},"end":{"line":20,"column":28}},"loc":{"start":{"line":20,"column":42},"end":{"line":21,"column":null}},"line":20},"2":{"name":"(anonymous_2)","decl":{"start":{"line":21,"column":4},"end":{"line":21,"column":17}},"loc":{"start":{"line":21,"column":27},"end":{"line":21,"column":56}},"line":21},"3":{"name":"updateEditForm","decl":{"start":{"line":24,"column":11},"end":{"line":24,"column":26}},"loc":{"start":{"line":24,"column":40},"end":{"line":25,"column":null}},"line":24},"4":{"name":"(anonymous_4)","decl":{"start":{"line":25,"column":4},"end":{"line":25,"column":21}},"loc":{"start":{"line":25,"column":31},"end":{"line":25,"column":60}},"line":25}},"branchMap":{"0":{"loc":{"start":{"line":18,"column":2},"end":{"line":18,"column":null}},"type":"default-arg","locations":[{"start":{"line":18,"column":14},"end":{"line":18,"column":null}}],"line":18}},"s":{"0":0,"1":0,"2":0,"3":0,"4":3},"f":{"0":3,"1":0,"2":0,"3":0,"4":0},"b":{"0":[3]},"meta":{"lastBranch":1,"lastFunction":5,"lastStatement":5,"seen":{"f:4:9:4:20":0,"b:18:14:18:Infinity":0,"f:20:11:20:28":1,"s:21:4:21:Infinity":0,"f:21:4:21:17":2,"s:21:27:21:56":1,"f:24:11:24:26":3,"s:25:4:25:Infinity":2,"f:25:4:25:21":4,"s:25:31:25:60":3,"s:28:2:51:Infinity":4}}}
,"/Users/shocka/Projects/OnesToManys/projectflow/frontend-react/src/components/detail/DetailCard.jsx": {"path":"/Users/shocka/Projects/OnesToManys/projectflow/frontend-react/src/components/detail/DetailCard.jsx","statementMap":{"0":{"start":{"line":15,"column":17},"end":{"line":15,"column":37}},"1":{"start":{"line":17,"column":2},"end":{"line":33,"column":null}},"2":{"start":{"line":18,"column":4},"end":{"line":33,"column":null}},"3":{"start":{"line":25,"column":12},"end":{"line":25,"column":null}},"4":{"start":{"line":26,"column":12},"end":{"line":26,"column":null}},"5":{"start":{"line":37,"column":2},"end":{"line":51,"column":null}},"6":{"start":{"line":44,"column":45},"end":{"line":44,"column":62}},"7":{"start":{"line":47,"column":45},"end":{"line":47,"column":61}}},"fnMap":{"0":{"name":"DetailCard","decl":{"start":{"line":3,"column":9},"end":{"line":3,"column":20}},"loc":{"start":{"line":14,"column":3},"end":{"line":51,"column":null}},"line":14},"1":{"name":"(anonymous_1)","decl":{"start":{"line":24,"column":10},"end":{"line":24,"column":21}},"loc":{"start":{"line":24,"column":31},"end":{"line":26,"column":null}},"line":24},"2":{"name":"(anonymous_2)","decl":{"start":{"line":44,"column":30},"end":{"line":44,"column":45}},"loc":{"start":{"line":44,"column":45},"end":{"line":44,"column":62}},"line":44},"3":{"name":"(anonymous_3)","decl":{"start":{"line":47,"column":30},"end":{"line":47,"column":45}},"loc":{"start":{"line":47,"column":45},"end":{"line":47,"column":61}},"line":47}},"branchMap":{"0":{"loc":{"start":{"line":17,"column":2},"end":{"line":33,"column":null}},"type":"if","locations":[{"start":{"line":17,"column":2},"end":{"line":33,"column":null}},{"start":{},"end":{}}],"line":17},"1":{"loc":{"start":{"line":39,"column":15},"end":{"line":39,"column":66}},"type":"binary-expr","locations":[{"start":{"line":39,"column":15},"end":{"line":39,"column":34}},{"start":{"line":39,"column":34},"end":{"line":39,"column":66}}],"line":39},"2":{"loc":{"start":{"line":41,"column":38},"end":{"line":41,"column":63}},"type":"binary-expr","locations":[{"start":{"line":41,"column":38},"end":{"line":41,"column":53}},{"start":{"line":41,"column":53},"end":{"line":41,"column":63}}],"line":41},"3":{"loc":{"start":{"line":41,"column":77},"end":{"line":41,"column":null}},"type":"binary-expr","locations":[{"start":{"line":41,"column":77},"end":{"line":41,"column":94}},{"start":{"line":41,"column":94},"end":{"line":41,"column":null}}],"line":41}},"s":{"0":1,"1":1,"2":0,"3":0,"4":0,"5":1,"6":1,"7":0},"f":{"0":1,"1":0,"2":1,"3":0},"b":{"0":[0,1],"1":[1,0],"2":[1,0],"3":[1,0]},"meta":{"lastBranch":4,"lastFunction":4,"lastStatement":8,"seen":{"f:3:9:3:20":0,"s:15:17:15:37":0,"b:17:2:33:Infinity:undefined:undefined:undefined:undefined":0,"s:17:2:33:Infinity":1,"s:18:4:33:Infinity":2,"f:24:10:24:21":1,"s:25:12:25:Infinity":3,"s:26:12:26:Infinity":4,"s:37:2:51:Infinity":5,"b:39:15:39:34:39:34:39:66":1,"b:41:38:41:53:41:53:41:63":2,"b:41:77:41:94:41:94:41:Infinity":3,"f:44:30:44:45":2,"s:44:45:44:62":6,"f:47:30:47:45":3,"s:47:45:47:61":7}}}
,"/Users/shocka/Projects/OnesToManys/projectflow/frontend-react/src/components/detail/DetailForm.jsx": {"path":"/Users/shocka/Projects/OnesToManys/projectflow/frontend-react/src/components/detail/DetailForm.jsx","statementMap":{"0":{"start":{"line":11,"column":2},"end":{"line":57,"column":null}},"1":{"start":{"line":15,"column":29},"end":{"line":15,"column":71}},"2":{"start":{"line":19,"column":10},"end":{"line":21,"column":null}},"3":{"start":{"line":27,"column":29},"end":{"line":27,"column":null}},"4":{"start":{"line":32,"column":29},"end":{"line":32,"column":null}},"5":{"start":{"line":37,"column":29},"end":{"line":37,"column":null}},"6":{"start":{"line":42,"column":29},"end":{"line":42,"column":null}},"7":{"start":{"line":47,"column":29},"end":{"line":47,"column":null}}},"fnMap":{"0":{"name":"DetailForm","decl":{"start":{"line":1,"column":9},"end":{"line":1,"column":20}},"loc":{"start":{"line":10,"column":3},"end":{"line":57,"column":null}},"line":10},"1":{"name":"(anonymous_1)","decl":{"start":{"line":15,"column":8},"end":{"line":15,"column":19}},"loc":{"start":{"line":15,"column":29},"end":{"line":15,"column":71}},"line":15},"2":{"name":"(anonymous_2)","decl":{"start":{"line":18,"column":18},"end":{"line":18,"column":23}},"loc":{"start":{"line":19,"column":10},"end":{"line":21,"column":null}},"line":19},"3":{"name":"(anonymous_3)","decl":{"start":{"line":27,"column":8},"end":{"line":27,"column":19}},"loc":{"start":{"line":27,"column":29},"end":{"line":27,"column":null}},"line":27},"4":{"name":"(anonymous_4)","decl":{"start":{"line":32,"column":8},"end":{"line":32,"column":19}},"loc":{"start":{"line":32,"column":29},"end":{"line":32,"column":null}},"line":32},"5":{"name":"(anonymous_5)","decl":{"start":{"line":37,"column":8},"end":{"line":37,"column":19}},"loc":{"start":{"line":37,"column":29},"end":{"line":37,"column":null}},"line":37},"6":{"name":"(anonymous_6)","decl":{"start":{"line":42,"column":8},"end":{"line":42,"column":19}},"loc":{"start":{"line":42,"column":29},"end":{"line":42,"column":null}},"line":42},"7":{"name":"(anonymous_7)","decl":{"start":{"line":47,"column":8},"end":{"line":47,"column":19}},"loc":{"start":{"line":47,"column":29},"end":{"line":47,"column":null}},"line":47}},"branchMap":{"0":{"loc":{"start":{"line":9,"column":2},"end":{"line":9,"column":null}},"type":"default-arg","locations":[{"start":{"line":9,"column":14},"end":{"line":9,"column":null}}],"line":9},"1":{"loc":{"start":{"line":20,"column":13},"end":{"line":20,"column":null}},"type":"binary-expr","locations":[{"start":{"line":20,"column":13},"end":{"line":20,"column":37}},{"start":{"line":20,"column":37},"end":{"line":20,"column":null}}],"line":20},"2":{"loc":{"start":{"line":53,"column":9},"end":{"line":57,"column":null}},"type":"cond-expr","locations":[{"start":{"line":54,"column":10},"end":{"line":57,"column":null}},{"start":{"line":57,"column":12},"end":{"line":57,"column":null}}],"line":53}},"s":{"0":5,"1":0,"2":4,"3":1,"4":0,"5":0,"6":0,"7":0},"f":{"0":5,"1":0,"2":4,"3":1,"4":0,"5":0,"6":0,"7":0},"b":{"0":[5],"1":[4,0],"2":[1,4]},"meta":{"lastBranch":3,"lastFunction":8,"lastStatement":8,"seen":{"f:1:9:1:20":0,"b:9:14:9:Infinity":0,"s:11:2:57:Infinity":0,"f:15:8:15:19":1,"s:15:29:15:71":1,"f:18:18:18:23":2,"s:19:10:21:Infinity":2,"b:20:13:20:37:20:37:20:Infinity":1,"f:27:8:27:19":3,"s:27:29:27:Infinity":3,"f:32:8:32:19":4,"s:32:29:32:Infinity":4,"f:37:8:37:19":5,"s:37:29:37:Infinity":5,"f:42:8:42:19":6,"s:42:29:42:Infinity":6,"f:47:8:47:19":7,"s:47:29:47:Infinity":7,"b:54:10:57:Infinity:57:12:57:Infinity":2}}}
,"/Users/shocka/Projects/OnesToManys/projectflow/frontend-react/src/components/detail/DetailList.jsx": {"path":"/Users/shocka/Projects/OnesToManys/projectflow/frontend-react/src/components/detail/DetailList.jsx","statementMap":{"0":{"start":{"line":15,"column":2},"end":{"line":16,"column":null}},"1":{"start":{"line":16,"column":4},"end":{"line":16,"column":null}},"2":{"start":{"line":19,"column":2},"end":{"line":41,"column":null}},"3":{"start":{"line":22,"column":23},"end":{"line":22,"column":43}},"4":{"start":{"line":24,"column":8},"end":{"line":38,"column":null}}},"fnMap":{"0":{"name":"DetailList","decl":{"start":{"line":3,"column":9},"end":{"line":3,"column":20}},"loc":{"start":{"line":14,"column":3},"end":{"line":41,"column":null}},"line":14},"1":{"name":"(anonymous_1)","decl":{"start":{"line":21,"column":13},"end":{"line":21,"column":18}},"loc":{"start":{"line":21,"column":27},"end":{"line":38,"column":null}},"line":21}},"branchMap":{"0":{"loc":{"start":{"line":15,"column":2},"end":{"line":16,"column":null}},"type":"if","locations":[{"start":{"line":15,"column":2},"end":{"line":16,"column":null}},{"start":{},"end":{}}],"line":15}},"s":{"0":5,"1":4,"2":1,"3":1,"4":1},"f":{"0":5,"1":1},"b":{"0":[4,1]},"meta":{"lastBranch":1,"lastFunction":2,"lastStatement":5,"seen":{"f:3:9:3:20":0,"b:15:2:16:Infinity:undefined:undefined:undefined:undefined":0,"s:15:2:16:Infinity":0,"s:16:4:16:Infinity":1,"s:19:2:41:Infinity":2,"f:21:13:21:18":1,"s:22:23:22:43":3,"s:24:8:38:Infinity":4}}}
,"/Users/shocka/Projects/OnesToManys/projectflow/frontend-react/src/components/master/MasterCard.jsx": {"path":"/Users/shocka/Projects/OnesToManys/projectflow/frontend-react/src/components/master/MasterCard.jsx","statementMap":{"0":{"start":{"line":16,"column":20},"end":{"line":16,"column":46}},"1":{"start":{"line":18,"column":2},"end":{"line":33,"column":null}},"2":{"start":{"line":19,"column":4},"end":{"line":33,"column":null}},"3":{"start":{"line":25,"column":12},"end":{"line":25,"column":null}},"4":{"start":{"line":26,"column":12},"end":{"line":26,"column":null}},"5":{"start":{"line":37,"column":2},"end":{"line":55,"column":null}},"6":{"start":{"line":42,"column":23},"end":{"line":42,"column":42}},"7":{"start":{"line":48,"column":45},"end":{"line":48,"column":65}},"8":{"start":{"line":51,"column":45},"end":{"line":51,"column":64}}},"fnMap":{"0":{"name":"MasterCard","decl":{"start":{"line":3,"column":9},"end":{"line":3,"column":20}},"loc":{"start":{"line":15,"column":3},"end":{"line":55,"column":null}},"line":15},"1":{"name":"(anonymous_1)","decl":{"start":{"line":24,"column":10},"end":{"line":24,"column":21}},"loc":{"start":{"line":24,"column":31},"end":{"line":26,"column":null}},"line":24},"2":{"name":"(anonymous_2)","decl":{"start":{"line":42,"column":8},"end":{"line":42,"column":23}},"loc":{"start":{"line":42,"column":23},"end":{"line":42,"column":42}},"line":42},"3":{"name":"(anonymous_3)","decl":{"start":{"line":48,"column":30},"end":{"line":48,"column":45}},"loc":{"start":{"line":48,"column":45},"end":{"line":48,"column":65}},"line":48},"4":{"name":"(anonymous_4)","decl":{"start":{"line":51,"column":30},"end":{"line":51,"column":45}},"loc":{"start":{"line":51,"column":45},"end":{"line":51,"column":64}},"line":51}},"branchMap":{"0":{"loc":{"start":{"line":18,"column":2},"end":{"line":33,"column":null}},"type":"if","locations":[{"start":{"line":18,"column":2},"end":{"line":33,"column":null}},{"start":{},"end":{}}],"line":18},"1":{"loc":{"start":{"line":41,"column":34},"end":{"line":41,"column":null}},"type":"cond-expr","locations":[{"start":{"line":41,"column":47},"end":{"line":41,"column":60}},{"start":{"line":41,"column":60},"end":{"line":41,"column":null}}],"line":41},"2":{"loc":{"start":{"line":44,"column":17},"end":{"line":44,"column":82}},"type":"binary-expr","locations":[{"start":{"line":44,"column":17},"end":{"line":44,"column":41}},{"start":{"line":44,"column":41},"end":{"line":44,"column":82}}],"line":44},"3":{"loc":{"start":{"line":45,"column":23},"end":{"line":45,"column":58}},"type":"binary-expr","locations":[{"start":{"line":45,"column":23},"end":{"line":45,"column":41}},{"start":{"line":45,"column":41},"end":{"line":45,"column":58}}],"line":45}},"s":{"0":4,"1":4,"2":0,"3":0,"4":0,"5":4,"6":2,"7":0,"8":0},"f":{"0":4,"1":0,"2":2,"3":0,"4":0},"b":{"0":[0,4],"1":[2,2],"2":[4,0],"3":[4,0]},"meta":{"lastBranch":4,"lastFunction":5,"lastStatement":9,"seen":{"f:3:9:3:20":0,"s:16:20:16:46":0,"b:18:2:33:Infinity:undefined:undefined:undefined:undefined":0,"s:18:2:33:Infinity":1,"s:19:4:33:Infinity":2,"f:24:10:24:21":1,"s:25:12:25:Infinity":3,"s:26:12:26:Infinity":4,"s:37:2:55:Infinity":5,"b:41:47:41:60:41:60:41:Infinity":1,"f:42:8:42:23":2,"s:42:23:42:42":6,"b:44:17:44:41:44:41:44:82":2,"b:45:23:45:41:45:41:45:58":3,"f:48:30:48:45":3,"s:48:45:48:65":7,"f:51:30:51:45":4,"s:51:45:51:64":8}}}
,"/Users/shocka/Projects/OnesToManys/projectflow/frontend-react/src/components/master/MasterForm.jsx": {"path":"/Users/shocka/Projects/OnesToManys/projectflow/frontend-react/src/components/master/MasterForm.jsx","statementMap":{"0":{"start":{"line":10,"column":2},"end":{"line":45,"column":null}},"1":{"start":{"line":15,"column":29},"end":{"line":15,"column":null}},"2":{"start":{"line":20,"column":29},"end":{"line":20,"column":null}},"3":{"start":{"line":25,"column":29},"end":{"line":25,"column":null}},"4":{"start":{"line":30,"column":29},"end":{"line":30,"column":null}},"5":{"start":{"line":35,"column":29},"end":{"line":35,"column":null}}},"fnMap":{"0":{"name":"MasterForm","decl":{"start":{"line":1,"column":9},"end":{"line":1,"column":20}},"loc":{"start":{"line":9,"column":3},"end":{"line":45,"column":null}},"line":9},"1":{"name":"(anonymous_1)","decl":{"start":{"line":15,"column":8},"end":{"line":15,"column":19}},"loc":{"start":{"line":15,"column":29},"end":{"line":15,"column":null}},"line":15},"2":{"name":"(anonymous_2)","decl":{"start":{"line":20,"column":8},"end":{"line":20,"column":19}},"loc":{"start":{"line":20,"column":29},"end":{"line":20,"column":null}},"line":20},"3":{"name":"(anonymous_3)","decl":{"start":{"line":25,"column":8},"end":{"line":25,"column":19}},"loc":{"start":{"line":25,"column":29},"end":{"line":25,"column":null}},"line":25},"4":{"name":"(anonymous_4)","decl":{"start":{"line":30,"column":8},"end":{"line":30,"column":19}},"loc":{"start":{"line":30,"column":29},"end":{"line":30,"column":null}},"line":30},"5":{"name":"(anonymous_5)","decl":{"start":{"line":35,"column":8},"end":{"line":35,"column":19}},"loc":{"start":{"line":35,"column":29},"end":{"line":35,"column":null}},"line":35}},"branchMap":{"0":{"loc":{"start":{"line":8,"column":2},"end":{"line":8,"column":null}},"type":"default-arg","locations":[{"start":{"line":8,"column":14},"end":{"line":8,"column":null}}],"line":8},"1":{"loc":{"start":{"line":41,"column":9},"end":{"line":45,"column":null}},"type":"cond-expr","locations":[{"start":{"line":42,"column":10},"end":{"line":45,"column":null}},{"start":{"line":45,"column":12},"end":{"line":45,"column":null}}],"line":41}},"s":{"0":5,"1":1,"2":0,"3":0,"4":0,"5":0},"f":{"0":5,"1":1,"2":0,"3":0,"4":0,"5":0},"b":{"0":[5],"1":[1,4]},"meta":{"lastBranch":2,"lastFunction":6,"lastStatement":6,"seen":{"f:1:9:1:20":0,"b:8:14:8:Infinity":0,"s:10:2:45:Infinity":0,"f:15:8:15:19":1,"s:15:29:15:Infinity":1,"f:20:8:20:19":2,"s:20:29:20:Infinity":2,"f:25:8:25:19":3,"s:25:29:25:Infinity":3,"f:30:8:30:19":4,"s:30:29:30:Infinity":4,"f:35:8:35:19":5,"s:35:29:35:Infinity":5,"b:42:10:45:Infinity:45:12:45:Infinity":1}}}
,"/Users/shocka/Projects/OnesToManys/projectflow/frontend-react/src/components/master/MasterList.jsx": {"path":"/Users/shocka/Projects/OnesToManys/projectflow/frontend-react/src/components/master/MasterList.jsx","statementMap":{"0":{"start":{"line":16,"column":2},"end":{"line":17,"column":null}},"1":{"start":{"line":17,"column":4},"end":{"line":17,"column":null}},"2":{"start":{"line":20,"column":2},"end":{"line":43,"column":null}},"3":{"start":{"line":23,"column":26},"end":{"line":23,"column":52}},"4":{"start":{"line":25,"column":8},"end":{"line":40,"column":null}}},"fnMap":{"0":{"name":"MasterList","decl":{"start":{"line":3,"column":9},"end":{"line":3,"column":20}},"loc":{"start":{"line":15,"column":3},"end":{"line":43,"column":null}},"line":15},"1":{"name":"(anonymous_1)","decl":{"start":{"line":22,"column":16},"end":{"line":22,"column":21}},"loc":{"start":{"line":22,"column":33},"end":{"line":40,"column":null}},"line":22}},"branchMap":{"0":{"loc":{"start":{"line":16,"column":2},"end":{"line":17,"column":null}},"type":"if","locations":[{"start":{"line":16,"column":2},"end":{"line":17,"column":null}},{"start":{},"end":{}}],"line":16}},"s":{"0":5,"1":1,"2":4,"3":4,"4":4},"f":{"0":5,"1":4},"b":{"0":[1,4]},"meta":{"lastBranch":1,"lastFunction":2,"lastStatement":5,"seen":{"f:3:9:3:20":0,"b:16:2:17:Infinity:undefined:undefined:undefined:undefined":0,"s:16:2:17:Infinity":0,"s:17:4:17:Infinity":1,"s:20:2:43:Infinity":2,"f:22:16:22:21":1,"s:23:26:23:52":3,"s:25:8:40:Infinity":4}}}
,"/Users/shocka/Projects/OnesToManys/projectflow/frontend-react/src/hooks/useDetailRecords.js": {"path":"/Users/shocka/Projects/OnesToManys/projectflow/frontend-react/src/hooks/useDetailRecords.js","statementMap":{"0":{"start":{"line":4,"column":19},"end":{"line":11,"column":4}},"1":{"start":{"line":13,"column":24},"end":{"line":13,"column":58}},"2":{"start":{"line":14,"column":23},"end":{"line":21,"column":4}},"3":{"start":{"line":24,"column":4},"end":{"line":31,"column":null}},"4":{"start":{"line":35,"column":4},"end":{"line":35,"column":null}},"5":{"start":{"line":39,"column":4},"end":{"line":39,"column":null}},"6":{"start":{"line":40,"column":20},"end":{"line":40,"column":46}},"7":{"start":{"line":42,"column":4},"end":{"line":44,"column":null}},"8":{"start":{"line":43,"column":6},"end":{"line":43,"column":null}},"9":{"start":{"line":44,"column":6},"end":{"line":44,"column":null}},"10":{"start":{"line":47,"column":4},"end":{"line":62,"column":null}},"11":{"start":{"line":48,"column":6},"end":{"line":52,"column":null}},"12":{"start":{"line":53,"column":6},"end":{"line":60,"column":null}},"13":{"start":{"line":61,"column":6},"end":{"line":61,"column":null}},"14":{"start":{"line":66,"column":4},"end":{"line":66,"column":null}},"15":{"start":{"line":67,"column":4},"end":{"line":74,"column":null}},"16":{"start":{"line":78,"column":20},"end":{"line":78,"column":50}},"17":{"start":{"line":80,"column":4},"end":{"line":82,"column":null}},"18":{"start":{"line":81,"column":6},"end":{"line":81,"column":null}},"19":{"start":{"line":82,"column":6},"end":{"line":82,"column":null}},"20":{"start":{"line":85,"column":4},"end":{"line":93,"column":null}},"21":{"start":{"line":86,"column":6},"end":{"line":90,"column":null}},"22":{"start":{"line":91,"column":6},"end":{"line":91,"column":null}},"23":{"start":{"line":92,"column":6},"end":{"line":92,"column":null}},"24":{"start":{"line":97,"column":4},"end":{"line":100,"column":null}},"25":{"start":{"line":98,"column":6},"end":{"line":98,"column":null}},"26":{"start":{"line":99,"column":6},"end":{"line":99,"column":null}},"27":{"start":{"line":103,"column":2},"end":{"line":114,"column":null}}},"fnMap":{"0":{"name":"useDetailRecords","decl":{"start":{"line":3,"column":9},"end":{"line":3,"column":26}},"loc":{"start":{"line":3,"column":77},"end":{"line":114,"column":null}},"line":3},"1":{"name":"parseTaskPayload","decl":{"start":{"line":23,"column":11},"end":{"line":23,"column":28}},"loc":{"start":{"line":23,"column":39},"end":{"line":31,"column":null}},"line":23},"2":{"name":"validateTask","decl":{"start":{"line":34,"column":11},"end":{"line":34,"column":24}},"loc":{"start":{"line":34,"column":33},"end":{"line":35,"column":null}},"line":34},"3":{"name":"handleCreateTask","decl":{"start":{"line":38,"column":17},"end":{"line":38,"column":34}},"loc":{"start":{"line":38,"column":41},"end":{"line":62,"column":null}},"line":38},"4":{"name":"(anonymous_4)","decl":{"start":{"line":47,"column":22},"end":{"line":47,"column":34}},"loc":{"start":{"line":47,"column":34},"end":{"line":62,"column":null}},"line":47},"5":{"name":"beginEditTask","decl":{"start":{"line":65,"column":11},"end":{"line":65,"column":25}},"loc":{"start":{"line":65,"column":31},"end":{"line":74,"column":null}},"line":65},"6":{"name":"saveEditedTask","decl":{"start":{"line":77,"column":17},"end":{"line":77,"column":32}},"loc":{"start":{"line":77,"column":40},"end":{"line":93,"column":null}},"line":77},"7":{"name":"(anonymous_7)","decl":{"start":{"line":85,"column":22},"end":{"line":85,"column":34}},"loc":{"start":{"line":85,"column":34},"end":{"line":93,"column":null}},"line":85},"8":{"name":"deleteTask","decl":{"start":{"line":96,"column":17},"end":{"line":96,"column":28}},"loc":{"start":{"line":96,"column":36},"end":{"line":100,"column":null}},"line":96},"9":{"name":"(anonymous_9)","decl":{"start":{"line":97,"column":22},"end":{"line":97,"column":34}},"loc":{"start":{"line":97,"column":34},"end":{"line":100,"column":null}},"line":97}},"branchMap":{"0":{"loc":{"start":{"line":35,"column":11},"end":{"line":35,"column":null}},"type":"binary-expr","locations":[{"start":{"line":35,"column":11},"end":{"line":35,"column":46}},{"start":{"line":35,"column":50},"end":{"line":35,"column":72}},{"start":{"line":35,"column":72},"end":{"line":35,"column":92}},{"start":{"line":35,"column":92},"end":{"line":35,"column":null}}],"line":35},"1":{"loc":{"start":{"line":42,"column":4},"end":{"line":44,"column":null}},"type":"if","locations":[{"start":{"line":42,"column":4},"end":{"line":44,"column":null}},{"start":{},"end":{}}],"line":42},"2":{"loc":{"start":{"line":68,"column":25},"end":{"line":68,"column":47}},"type":"binary-expr","locations":[{"start":{"line":68,"column":25},"end":{"line":68,"column":44}},{"start":{"line":68,"column":44},"end":{"line":68,"column":47}}],"line":68},"3":{"loc":{"start":{"line":69,"column":18},"end":{"line":69,"column":null}},"type":"binary-expr","locations":[{"start":{"line":69,"column":18},"end":{"line":69,"column":37}},{"start":{"line":69,"column":37},"end":{"line":69,"column":null}}],"line":69},"4":{"loc":{"start":{"line":70,"column":24},"end":{"line":70,"column":null}},"type":"binary-expr","locations":[{"start":{"line":70,"column":24},"end":{"line":70,"column":49}},{"start":{"line":70,"column":49},"end":{"line":70,"column":null}}],"line":70},"5":{"loc":{"start":{"line":71,"column":16},"end":{"line":71,"column":null}},"type":"binary-expr","locations":[{"start":{"line":71,"column":16},"end":{"line":71,"column":33}},{"start":{"line":71,"column":33},"end":{"line":71,"column":null}}],"line":71},"6":{"loc":{"start":{"line":72,"column":14},"end":{"line":72,"column":null}},"type":"binary-expr","locations":[{"start":{"line":72,"column":14},"end":{"line":72,"column":29}},{"start":{"line":72,"column":29},"end":{"line":72,"column":null}}],"line":72},"7":{"loc":{"start":{"line":73,"column":16},"end":{"line":73,"column":null}},"type":"binary-expr","locations":[{"start":{"line":73,"column":16},"end":{"line":73,"column":33}},{"start":{"line":73,"column":33},"end":{"line":73,"column":null}}],"line":73},"8":{"loc":{"start":{"line":80,"column":4},"end":{"line":82,"column":null}},"type":"if","locations":[{"start":{"line":80,"column":4},"end":{"line":82,"column":null}},{"start":{},"end":{}}],"line":80}},"s":{"0":13,"1":13,"2":13,"3":3,"4":3,"5":2,"6":2,"7":2,"8":1,"9":1,"10":1,"11":1,"12":1,"13":1,"14":1,"15":1,"16":1,"17":1,"18":0,"19":0,"20":1,"21":1,"22":1,"23":1,"24":1,"25":1,"26":1,"27":13},"f":{"0":13,"1":3,"2":3,"3":2,"4":1,"5":1,"6":1,"7":1,"8":1,"9":1},"b":{"0":[3,3,2,2],"1":[1,1],"2":[1,0],"3":[1,0],"4":[1,0],"5":[1,0],"6":[1,0],"7":[1,0],"8":[0,1]},"meta":{"lastBranch":9,"lastFunction":10,"lastStatement":28,"seen":{"f:3:9:3:26":0,"s:4:19:11:4":0,"s:13:24:13:58":1,"s:14:23:21:4":2,"f:23:11:23:28":1,"s:24:4:31:Infinity":3,"f:34:11:34:24":2,"s:35:4:35:Infinity":4,"b:35:11:35:46:35:50:35:72:35:72:35:92:35:92:35:Infinity":0,"f:38:17:38:34":3,"s:39:4:39:Infinity":5,"s:40:20:40:46":6,"b:42:4:44:Infinity:undefined:undefined:undefined:undefined":1,"s:42:4:44:Infinity":7,"s:43:6:43:Infinity":8,"s:44:6:44:Infinity":9,"s:47:4:62:Infinity":10,"f:47:22:47:34":4,"s:48:6:52:Infinity":11,"s:53:6:60:Infinity":12,"s:61:6:61:Infinity":13,"f:65:11:65:25":5,"s:66:4:66:Infinity":14,"s:67:4:74:Infinity":15,"b:68:25:68:44:68:44:68:47":2,"b:69:18:69:37:69:37:69:Infinity":3,"b:70:24:70:49:70:49:70:Infinity":4,"b:71:16:71:33:71:33:71:Infinity":5,"b:72:14:72:29:72:29:72:Infinity":6,"b:73:16:73:33:73:33:73:Infinity":7,"f:77:17:77:32":6,"s:78:20:78:50":16,"b:80:4:82:Infinity:undefined:undefined:undefined:undefined":8,"s:80:4:82:Infinity":17,"s:81:6:81:Infinity":18,"s:82:6:82:Infinity":19,"s:85:4:93:Infinity":20,"f:85:22:85:34":7,"s:86:6:90:Infinity":21,"s:91:6:91:Infinity":22,"s:92:6:92:Infinity":23,"f:96:17:96:28":8,"s:97:4:100:Infinity":24,"f:97:22:97:34":9,"s:98:6:98:Infinity":25,"s:99:6:99:Infinity":26,"s:103:2:114:Infinity":27}}}
,"/Users/shocka/Projects/OnesToManys/projectflow/frontend-react/src/hooks/useMasterRecords.js": {"path":"/Users/shocka/Projects/OnesToManys/projectflow/frontend-react/src/hooks/useMasterRecords.js","statementMap":{"0":{"start":{"line":11,"column":22},"end":{"line":17,"column":4}},"1":{"start":{"line":19,"column":27},"end":{"line":19,"column":64}},"2":{"start":{"line":20,"column":26},"end":{"line":26,"column":4}},"3":{"start":{"line":29,"column":4},"end":{"line":35,"column":null}},"4":{"start":{"line":39,"column":4},"end":{"line":39,"column":null}},"5":{"start":{"line":43,"column":4},"end":{"line":43,"column":null}},"6":{"start":{"line":44,"column":20},"end":{"line":44,"column":52}},"7":{"start":{"line":46,"column":4},"end":{"line":48,"column":null}},"8":{"start":{"line":47,"column":6},"end":{"line":47,"column":null}},"9":{"start":{"line":48,"column":6},"end":{"line":48,"column":null}},"10":{"start":{"line":51,"column":4},"end":{"line":59,"column":null}},"11":{"start":{"line":52,"column":6},"end":{"line":56,"column":null}},"12":{"start":{"line":57,"column":6},"end":{"line":57,"column":null}},"13":{"start":{"line":58,"column":6},"end":{"line":58,"column":null}},"14":{"start":{"line":63,"column":4},"end":{"line":63,"column":null}},"15":{"start":{"line":64,"column":4},"end":{"line":70,"column":null}},"16":{"start":{"line":74,"column":20},"end":{"line":74,"column":56}},"17":{"start":{"line":76,"column":4},"end":{"line":78,"column":null}},"18":{"start":{"line":77,"column":6},"end":{"line":77,"column":null}},"19":{"start":{"line":78,"column":6},"end":{"line":78,"column":null}},"20":{"start":{"line":81,"column":4},"end":{"line":89,"column":null}},"21":{"start":{"line":82,"column":6},"end":{"line":86,"column":null}},"22":{"start":{"line":87,"column":6},"end":{"line":87,"column":null}},"23":{"start":{"line":88,"column":6},"end":{"line":88,"column":null}},"24":{"start":{"line":93,"column":4},"end":{"line":99,"column":null}},"25":{"start":{"line":94,"column":6},"end":{"line":94,"column":null}},"26":{"start":{"line":95,"column":6},"end":{"line":96,"column":null}},"27":{"start":{"line":96,"column":8},"end":{"line":96,"column":null}},"28":{"start":{"line":98,"column":6},"end":{"line":98,"column":null}},"29":{"start":{"line":102,"column":2},"end":{"line":113,"column":null}}},"fnMap":{"0":{"name":"useMasterRecords","decl":{"start":{"line":3,"column":9},"end":{"line":3,"column":26}},"loc":{"start":{"line":10,"column":3},"end":{"line":113,"column":null}},"line":10},"1":{"name":"parseProjectPayload","decl":{"start":{"line":28,"column":11},"end":{"line":28,"column":31}},"loc":{"start":{"line":28,"column":42},"end":{"line":35,"column":null}},"line":28},"2":{"name":"validateProject","decl":{"start":{"line":38,"column":11},"end":{"line":38,"column":27}},"loc":{"start":{"line":38,"column":36},"end":{"line":39,"column":null}},"line":38},"3":{"name":"handleCreateProject","decl":{"start":{"line":42,"column":17},"end":{"line":42,"column":37}},"loc":{"start":{"line":42,"column":44},"end":{"line":59,"column":null}},"line":42},"4":{"name":"(anonymous_4)","decl":{"start":{"line":51,"column":22},"end":{"line":51,"column":34}},"loc":{"start":{"line":51,"column":34},"end":{"line":59,"column":null}},"line":51},"5":{"name":"beginEditProject","decl":{"start":{"line":62,"column":11},"end":{"line":62,"column":28}},"loc":{"start":{"line":62,"column":37},"end":{"line":70,"column":null}},"line":62},"6":{"name":"saveEditedProject","decl":{"start":{"line":73,"column":17},"end":{"line":73,"column":35}},"loc":{"start":{"line":73,"column":46},"end":{"line":89,"column":null}},"line":73},"7":{"name":"(anonymous_7)","decl":{"start":{"line":81,"column":22},"end":{"line":81,"column":34}},"loc":{"start":{"line":81,"column":34},"end":{"line":89,"column":null}},"line":81},"8":{"name":"deleteProject","decl":{"start":{"line":92,"column":17},"end":{"line":92,"column":31}},"loc":{"start":{"line":92,"column":42},"end":{"line":99,"column":null}},"line":92},"9":{"name":"(anonymous_9)","decl":{"start":{"line":93,"column":22},"end":{"line":93,"column":34}},"loc":{"start":{"line":93,"column":34},"end":{"line":99,"column":null}},"line":93}},"branchMap":{"0":{"loc":{"start":{"line":39,"column":11},"end":{"line":39,"column":null}},"type":"binary-expr","locations":[{"start":{"line":39,"column":11},"end":{"line":39,"column":35}},{"start":{"line":39,"column":35},"end":{"line":39,"column":null}}],"line":39},"1":{"loc":{"start":{"line":46,"column":4},"end":{"line":48,"column":null}},"type":"if","locations":[{"start":{"line":46,"column":4},"end":{"line":48,"column":null}},{"start":{},"end":{}}],"line":46},"2":{"loc":{"start":{"line":65,"column":20},"end":{"line":65,"column":null}},"type":"binary-expr","locations":[{"start":{"line":65,"column":20},"end":{"line":65,"column":44}},{"start":{"line":65,"column":44},"end":{"line":65,"column":null}}],"line":65},"3":{"loc":{"start":{"line":66,"column":14},"end":{"line":66,"column":null}},"type":"binary-expr","locations":[{"start":{"line":66,"column":14},"end":{"line":66,"column":32}},{"start":{"line":66,"column":32},"end":{"line":66,"column":null}}],"line":66},"4":{"loc":{"start":{"line":67,"column":19},"end":{"line":67,"column":null}},"type":"binary-expr","locations":[{"start":{"line":67,"column":19},"end":{"line":67,"column":42}},{"start":{"line":67,"column":42},"end":{"line":67,"column":null}}],"line":67},"5":{"loc":{"start":{"line":68,"column":18},"end":{"line":68,"column":null}},"type":"binary-expr","locations":[{"start":{"line":68,"column":18},"end":{"line":68,"column":40}},{"start":{"line":68,"column":40},"end":{"line":68,"column":null}}],"line":68},"6":{"loc":{"start":{"line":69,"column":16},"end":{"line":69,"column":null}},"type":"binary-expr","locations":[{"start":{"line":69,"column":16},"end":{"line":69,"column":36}},{"start":{"line":69,"column":36},"end":{"line":69,"column":null}}],"line":69},"7":{"loc":{"start":{"line":76,"column":4},"end":{"line":78,"column":null}},"type":"if","locations":[{"start":{"line":76,"column":4},"end":{"line":78,"column":null}},{"start":{},"end":{}}],"line":76},"8":{"loc":{"start":{"line":95,"column":6},"end":{"line":96,"column":null}},"type":"if","locations":[{"start":{"line":95,"column":6},"end":{"line":96,"column":null}},{"start":{},"end":{}}],"line":95}},"s":{"0":10,"1":10,"2":10,"3":2,"4":2,"5":2,"6":2,"7":2,"8":1,"9":1,"10":1,"11":1,"12":1,"13":1,"14":0,"15":0,"16":0,"17":0,"18":0,"19":0,"20":0,"21":0,"22":0,"23":0,"24":0,"25":0,"26":0,"27":0,"28":0,"29":10},"f":{"0":10,"1":2,"2":2,"3":2,"4":1,"5":0,"6":0,"7":0,"8":0,"9":0},"b":{"0":[2,1],"1":[1,1],"2":[0,0],"3":[0,0],"4":[0,0],"5":[0,0],"6":[0,0],"7":[0,0],"8":[0,0]},"meta":{"lastBranch":9,"lastFunction":10,"lastStatement":30,"seen":{"f:3:9:3:26":0,"s:11:22:17:4":0,"s:19:27:19:64":1,"s:20:26:26:4":2,"f:28:11:28:31":1,"s:29:4:35:Infinity":3,"f:38:11:38:27":2,"s:39:4:39:Infinity":4,"b:39:11:39:35:39:35:39:Infinity":0,"f:42:17:42:37":3,"s:43:4:43:Infinity":5,"s:44:20:44:52":6,"b:46:4:48:Infinity:undefined:undefined:undefined:undefined":1,"s:46:4:48:Infinity":7,"s:47:6:47:Infinity":8,"s:48:6:48:Infinity":9,"s:51:4:59:Infinity":10,"f:51:22:51:34":4,"s:52:6:56:Infinity":11,"s:57:6:57:Infinity":12,"s:58:6:58:Infinity":13,"f:62:11:62:28":5,"s:63:4:63:Infinity":14,"s:64:4:70:Infinity":15,"b:65:20:65:44:65:44:65:Infinity":2,"b:66:14:66:32:66:32:66:Infinity":3,"b:67:19:67:42:67:42:67:Infinity":4,"b:68:18:68:40:68:40:68:Infinity":5,"b:69:16:69:36:69:36:69:Infinity":6,"f:73:17:73:35":6,"s:74:20:74:56":16,"b:76:4:78:Infinity:undefined:undefined:undefined:undefined":7,"s:76:4:78:Infinity":17,"s:77:6:77:Infinity":18,"s:78:6:78:Infinity":19,"s:81:4:89:Infinity":20,"f:81:22:81:34":7,"s:82:6:86:Infinity":21,"s:87:6:87:Infinity":22,"s:88:6:88:Infinity":23,"f:92:17:92:31":8,"s:93:4:99:Infinity":24,"f:93:22:93:34":9,"s:94:6:94:Infinity":25,"b:95:6:96:Infinity:undefined:undefined:undefined:undefined":8,"s:95:6:96:Infinity":26,"s:96:8:96:Infinity":27,"s:98:6:98:Infinity":28,"s:102:2:113:Infinity":29}}}
}
