{"/Users/shocka/Projects/OnesToManys/projectflow/frontend-react/src/components/master/MasterCard.jsx": {"path":"/Users/shocka/Projects/OnesToManys/projectflow/frontend-react/src/components/master/MasterCard.jsx","statementMap":{"0":{"start":{"line":16,"column":20},"end":{"line":16,"column":46}},"1":{"start":{"line":18,"column":2},"end":{"line":33,"column":null}},"2":{"start":{"line":19,"column":4},"end":{"line":33,"column":null}},"3":{"start":{"line":25,"column":12},"end":{"line":25,"column":null}},"4":{"start":{"line":26,"column":12},"end":{"line":26,"column":null}},"5":{"start":{"line":37,"column":2},"end":{"line":55,"column":null}},"6":{"start":{"line":42,"column":23},"end":{"line":42,"column":42}},"7":{"start":{"line":48,"column":45},"end":{"line":48,"column":65}},"8":{"start":{"line":51,"column":45},"end":{"line":51,"column":64}}},"fnMap":{"0":{"name":"MasterCard","decl":{"start":{"line":3,"column":9},"end":{"line":3,"column":20}},"loc":{"start":{"line":15,"column":3},"end":{"line":55,"column":null}},"line":15},"1":{"name":"(anonymous_1)","decl":{"start":{"line":24,"column":10},"end":{"line":24,"column":21}},"loc":{"start":{"line":24,"column":31},"end":{"line":26,"column":null}},"line":24},"2":{"name":"(anonymous_2)","decl":{"start":{"line":42,"column":8},"end":{"line":42,"column":23}},"loc":{"start":{"line":42,"column":23},"end":{"line":42,"column":42}},"line":42},"3":{"name":"(anonymous_3)","decl":{"start":{"line":48,"column":30},"end":{"line":48,"column":45}},"loc":{"start":{"line":48,"column":45},"end":{"line":48,"column":65}},"line":48},"4":{"name":"(anonymous_4)","decl":{"start":{"line":51,"column":30},"end":{"line":51,"column":45}},"loc":{"start":{"line":51,"column":45},"end":{"line":51,"column":64}},"line":51}},"branchMap":{"0":{"loc":{"start":{"line":18,"column":2},"end":{"line":33,"column":null}},"type":"if","locations":[{"start":{"line":18,"column":2},"end":{"line":33,"column":null}},{"start":{},"end":{}}],"line":18},"1":{"loc":{"start":{"line":41,"column":34},"end":{"line":41,"column":null}},"type":"cond-expr","locations":[{"start":{"line":41,"column":47},"end":{"line":41,"column":60}},{"start":{"line":41,"column":60},"end":{"line":41,"column":null}}],"line":41},"2":{"loc":{"start":{"line":44,"column":17},"end":{"line":44,"column":82}},"type":"binary-expr","locations":[{"start":{"line":44,"column":17},"end":{"line":44,"column":41}},{"start":{"line":44,"column":41},"end":{"line":44,"column":82}}],"line":44},"3":{"loc":{"start":{"line":45,"column":23},"end":{"line":45,"column":58}},"type":"binary-expr","locations":[{"start":{"line":45,"column":23},"end":{"line":45,"column":41}},{"start":{"line":45,"column":41},"end":{"line":45,"column":58}}],"line":45}},"s":{"0":1,"1":1,"2":0,"3":0,"4":0,"5":1,"6":1,"7":0,"8":0},"f":{"0":1,"1":0,"2":1,"3":0,"4":0},"b":{"0":[0,1],"1":[0,1],"2":[1,0],"3":[1,0]},"meta":{"lastBranch":4,"lastFunction":5,"lastStatement":9,"seen":{"f:3:9:3:20":0,"s:16:20:16:46":0,"b:18:2:33:Infinity:undefined:undefined:undefined:undefined":0,"s:18:2:33:Infinity":1,"s:19:4:33:Infinity":2,"f:24:10:24:21":1,"s:25:12:25:Infinity":3,"s:26:12:26:Infinity":4,"s:37:2:55:Infinity":5,"b:41:47:41:60:41:60:41:Infinity":1,"f:42:8:42:23":2,"s:42:23:42:42":6,"b:44:17:44:41:44:41:44:82":2,"b:45:23:45:41:45:41:45:58":3,"f:48:30:48:45":3,"s:48:45:48:65":7,"f:51:30:51:45":4,"s:51:45:51:64":8}}}
,"/Users/shocka/Projects/OnesToManys/projectflow/frontend-react/src/components/master/MasterForm.jsx": {"path":"/Users/shocka/Projects/OnesToManys/projectflow/frontend-react/src/components/master/MasterForm.jsx","statementMap":{"0":{"start":{"line":10,"column":2},"end":{"line":45,"column":null}},"1":{"start":{"line":15,"column":29},"end":{"line":15,"column":null}},"2":{"start":{"line":20,"column":29},"end":{"line":20,"column":null}},"3":{"start":{"line":25,"column":29},"end":{"line":25,"column":null}},"4":{"start":{"line":30,"column":29},"end":{"line":30,"column":null}},"5":{"start":{"line":35,"column":29},"end":{"line":35,"column":null}}},"fnMap":{"0":{"name":"MasterForm","decl":{"start":{"line":1,"column":9},"end":{"line":1,"column":20}},"loc":{"start":{"line":9,"column":3},"end":{"line":45,"column":null}},"line":9},"1":{"name":"(anonymous_1)","decl":{"start":{"line":15,"column":8},"end":{"line":15,"column":19}},"loc":{"start":{"line":15,"column":29},"end":{"line":15,"column":null}},"line":15},"2":{"name":"(anonymous_2)","decl":{"start":{"line":20,"column":8},"end":{"line":20,"column":19}},"loc":{"start":{"line":20,"column":29},"end":{"line":20,"column":null}},"line":20},"3":{"name":"(anonymous_3)","decl":{"start":{"line":25,"column":8},"end":{"line":25,"column":19}},"loc":{"start":{"line":25,"column":29},"end":{"line":25,"column":null}},"line":25},"4":{"name":"(anonymous_4)","decl":{"start":{"line":30,"column":8},"end":{"line":30,"column":19}},"loc":{"start":{"line":30,"column":29},"end":{"line":30,"column":null}},"line":30},"5":{"name":"(anonymous_5)","decl":{"start":{"line":35,"column":8},"end":{"line":35,"column":19}},"loc":{"start":{"line":35,"column":29},"end":{"line":35,"column":null}},"line":35}},"branchMap":{"0":{"loc":{"start":{"line":8,"column":2},"end":{"line":8,"column":null}},"type":"default-arg","locations":[{"start":{"line":8,"column":14},"end":{"line":8,"column":null}}],"line":8},"1":{"loc":{"start":{"line":41,"column":9},"end":{"line":45,"column":null}},"type":"cond-expr","locations":[{"start":{"line":42,"column":10},"end":{"line":45,"column":null}},{"start":{"line":45,"column":12},"end":{"line":45,"column":null}}],"line":41}},"s":{"0":2,"1":1,"2":0,"3":0,"4":0,"5":0},"f":{"0":2,"1":1,"2":0,"3":0,"4":0,"5":0},"b":{"0":[2],"1":[1,1]},"meta":{"lastBranch":2,"lastFunction":6,"lastStatement":6,"seen":{"f:1:9:1:20":0,"b:8:14:8:Infinity":0,"s:10:2:45:Infinity":0,"f:15:8:15:19":1,"s:15:29:15:Infinity":1,"f:20:8:20:19":2,"s:20:29:20:Infinity":2,"f:25:8:25:19":3,"s:25:29:25:Infinity":3,"f:30:8:30:19":4,"s:30:29:30:Infinity":4,"f:35:8:35:19":5,"s:35:29:35:Infinity":5,"b:42:10:45:Infinity:45:12:45:Infinity":1}}}
,"/Users/shocka/Projects/OnesToManys/projectflow/frontend-react/src/components/master/MasterList.jsx": {"path":"/Users/shocka/Projects/OnesToManys/projectflow/frontend-react/src/components/master/MasterList.jsx","statementMap":{"0":{"start":{"line":16,"column":2},"end":{"line":17,"column":null}},"1":{"start":{"line":17,"column":4},"end":{"line":17,"column":null}},"2":{"start":{"line":20,"column":2},"end":{"line":43,"column":null}},"3":{"start":{"line":23,"column":26},"end":{"line":23,"column":52}},"4":{"start":{"line":25,"column":8},"end":{"line":40,"column":null}}},"fnMap":{"0":{"name":"MasterList","decl":{"start":{"line":3,"column":9},"end":{"line":3,"column":20}},"loc":{"start":{"line":15,"column":3},"end":{"line":43,"column":null}},"line":15},"1":{"name":"(anonymous_1)","decl":{"start":{"line":22,"column":16},"end":{"line":22,"column":21}},"loc":{"start":{"line":22,"column":33},"end":{"line":40,"column":null}},"line":22}},"branchMap":{"0":{"loc":{"start":{"line":16,"column":2},"end":{"line":17,"column":null}},"type":"if","locations":[{"start":{"line":16,"column":2},"end":{"line":17,"column":null}},{"start":{},"end":{}}],"line":16}},"s":{"0":2,"1":1,"2":1,"3":1,"4":1},"f":{"0":2,"1":1},"b":{"0":[1,1]},"meta":{"lastBranch":1,"lastFunction":2,"lastStatement":5,"seen":{"f:3:9:3:20":0,"b:16:2:17:Infinity:undefined:undefined:undefined:undefined":0,"s:16:2:17:Infinity":0,"s:17:4:17:Infinity":1,"s:20:2:43:Infinity":2,"f:22:16:22:21":1,"s:23:26:23:52":3,"s:25:8:40:Infinity":4}}}
,"/Users/shocka/Projects/OnesToManys/projectflow/frontend-react/src/hooks/useMasterRecords.js": {"path":"/Users/shocka/Projects/OnesToManys/projectflow/frontend-react/src/hooks/useMasterRecords.js","statementMap":{"0":{"start":{"line":11,"column":22},"end":{"line":17,"column":4}},"1":{"start":{"line":19,"column":27},"end":{"line":19,"column":64}},"2":{"start":{"line":20,"column":26},"end":{"line":26,"column":4}},"3":{"start":{"line":29,"column":4},"end":{"line":35,"column":null}},"4":{"start":{"line":39,"column":4},"end":{"line":39,"column":null}},"5":{"start":{"line":43,"column":4},"end":{"line":43,"column":null}},"6":{"start":{"line":44,"column":20},"end":{"line":44,"column":52}},"7":{"start":{"line":46,"column":4},"end":{"line":48,"column":null}},"8":{"start":{"line":47,"column":6},"end":{"line":47,"column":null}},"9":{"start":{"line":48,"column":6},"end":{"line":48,"column":null}},"10":{"start":{"line":51,"column":4},"end":{"line":59,"column":null}},"11":{"start":{"line":52,"column":6},"end":{"line":56,"column":null}},"12":{"start":{"line":57,"column":6},"end":{"line":57,"column":null}},"13":{"start":{"line":58,"column":6},"end":{"line":58,"column":null}},"14":{"start":{"line":63,"column":4},"end":{"line":63,"column":null}},"15":{"start":{"line":64,"column":4},"end":{"line":70,"column":null}},"16":{"start":{"line":74,"column":20},"end":{"line":74,"column":56}},"17":{"start":{"line":76,"column":4},"end":{"line":78,"column":null}},"18":{"start":{"line":77,"column":6},"end":{"line":77,"column":null}},"19":{"start":{"line":78,"column":6},"end":{"line":78,"column":null}},"20":{"start":{"line":81,"column":4},"end":{"line":89,"column":null}},"21":{"start":{"line":82,"column":6},"end":{"line":86,"column":null}},"22":{"start":{"line":87,"column":6},"end":{"line":87,"column":null}},"23":{"start":{"line":88,"column":6},"end":{"line":88,"column":null}},"24":{"start":{"line":93,"column":4},"end":{"line":99,"column":null}},"25":{"start":{"line":94,"column":6},"end":{"line":94,"column":null}},"26":{"start":{"line":95,"column":6},"end":{"line":96,"column":null}},"27":{"start":{"line":96,"column":8},"end":{"line":96,"column":null}},"28":{"start":{"line":98,"column":6},"end":{"line":98,"column":null}},"29":{"start":{"line":102,"column":2},"end":{"line":113,"column":null}}},"fnMap":{"0":{"name":"useMasterRecords","decl":{"start":{"line":3,"column":9},"end":{"line":3,"column":26}},"loc":{"start":{"line":10,"column":3},"end":{"line":113,"column":null}},"line":10},"1":{"name":"parseProjectPayload","decl":{"start":{"line":28,"column":11},"end":{"line":28,"column":31}},"loc":{"start":{"line":28,"column":42},"end":{"line":35,"column":null}},"line":28},"2":{"name":"validateProject","decl":{"start":{"line":38,"column":11},"end":{"line":38,"column":27}},"loc":{"start":{"line":38,"column":36},"end":{"line":39,"column":null}},"line":38},"3":{"name":"handleCreateProject","decl":{"start":{"line":42,"column":17},"end":{"line":42,"column":37}},"loc":{"start":{"line":42,"column":44},"end":{"line":59,"column":null}},"line":42},"4":{"name":"(anonymous_4)","decl":{"start":{"line":51,"column":22},"end":{"line":51,"column":34}},"loc":{"start":{"line":51,"column":34},"end":{"line":59,"column":null}},"line":51},"5":{"name":"beginEditProject","decl":{"start":{"line":62,"column":11},"end":{"line":62,"column":28}},"loc":{"start":{"line":62,"column":37},"end":{"line":70,"column":null}},"line":62},"6":{"name":"saveEditedProject","decl":{"start":{"line":73,"column":17},"end":{"line":73,"column":35}},"loc":{"start":{"line":73,"column":46},"end":{"line":89,"column":null}},"line":73},"7":{"name":"(anonymous_7)","decl":{"start":{"line":81,"column":22},"end":{"line":81,"column":34}},"loc":{"start":{"line":81,"column":34},"end":{"line":89,"column":null}},"line":81},"8":{"name":"deleteProject","decl":{"start":{"line":92,"column":17},"end":{"line":92,"column":31}},"loc":{"start":{"line":92,"column":42},"end":{"line":99,"column":null}},"line":92},"9":{"name":"(anonymous_9)","decl":{"start":{"line":93,"column":22},"end":{"line":93,"column":34}},"loc":{"start":{"line":93,"column":34},"end":{"line":99,"column":null}},"line":93}},"branchMap":{"0":{"loc":{"start":{"line":39,"column":11},"end":{"line":39,"column":null}},"type":"binary-expr","locations":[{"start":{"line":39,"column":11},"end":{"line":39,"column":35}},{"start":{"line":39,"column":35},"end":{"line":39,"column":null}}],"line":39},"1":{"loc":{"start":{"line":46,"column":4},"end":{"line":48,"column":null}},"type":"if","locations":[{"start":{"line":46,"column":4},"end":{"line":48,"column":null}},{"start":{},"end":{}}],"line":46},"2":{"loc":{"start":{"line":65,"column":20},"end":{"line":65,"column":null}},"type":"binary-expr","locations":[{"start":{"line":65,"column":20},"end":{"line":65,"column":44}},{"start":{"line":65,"column":44},"end":{"line":65,"column":null}}],"line":65},"3":{"loc":{"start":{"line":66,"column":14},"end":{"line":66,"column":null}},"type":"binary-expr","locations":[{"start":{"line":66,"column":14},"end":{"line":66,"column":32}},{"start":{"line":66,"column":32},"end":{"line":66,"column":null}}],"line":66},"4":{"loc":{"start":{"line":67,"column":19},"end":{"line":67,"column":null}},"type":"binary-expr","locations":[{"start":{"line":67,"column":19},"end":{"line":67,"column":42}},{"start":{"line":67,"column":42},"end":{"line":67,"column":null}}],"line":67},"5":{"loc":{"start":{"line":68,"column":18},"end":{"line":68,"column":null}},"type":"binary-expr","locations":[{"start":{"line":68,"column":18},"end":{"line":68,"column":40}},{"start":{"line":68,"column":40},"end":{"line":68,"column":null}}],"line":68},"6":{"loc":{"start":{"line":69,"column":16},"end":{"line":69,"column":null}},"type":"binary-expr","locations":[{"start":{"line":69,"column":16},"end":{"line":69,"column":36}},{"start":{"line":69,"column":36},"end":{"line":69,"column":null}}],"line":69},"7":{"loc":{"start":{"line":76,"column":4},"end":{"line":78,"column":null}},"type":"if","locations":[{"start":{"line":76,"column":4},"end":{"line":78,"column":null}},{"start":{},"end":{}}],"line":76},"8":{"loc":{"start":{"line":95,"column":6},"end":{"line":96,"column":null}},"type":"if","locations":[{"start":{"line":95,"column":6},"end":{"line":96,"column":null}},{"start":{},"end":{}}],"line":95}},"s":{"0":4,"1":4,"2":4,"3":2,"4":2,"5":2,"6":2,"7":2,"8":1,"9":1,"10":1,"11":1,"12":1,"13":1,"14":0,"15":0,"16":0,"17":0,"18":0,"19":0,"20":0,"21":0,"22":0,"23":0,"24":0,"25":0,"26":0,"27":0,"28":0,"29":4},"f":{"0":4,"1":2,"2":2,"3":2,"4":1,"5":0,"6":0,"7":0,"8":0,"9":0},"b":{"0":[2,1],"1":[1,1],"2":[0,0],"3":[0,0],"4":[0,0],"5":[0,0],"6":[0,0],"7":[0,0],"8":[0,0]},"meta":{"lastBranch":9,"lastFunction":10,"lastStatement":30,"seen":{"f:3:9:3:26":0,"s:11:22:17:4":0,"s:19:27:19:64":1,"s:20:26:26:4":2,"f:28:11:28:31":1,"s:29:4:35:Infinity":3,"f:38:11:38:27":2,"s:39:4:39:Infinity":4,"b:39:11:39:35:39:35:39:Infinity":0,"f:42:17:42:37":3,"s:43:4:43:Infinity":5,"s:44:20:44:52":6,"b:46:4:48:Infinity:undefined:undefined:undefined:undefined":1,"s:46:4:48:Infinity":7,"s:47:6:47:Infinity":8,"s:48:6:48:Infinity":9,"s:51:4:59:Infinity":10,"f:51:22:51:34":4,"s:52:6:56:Infinity":11,"s:57:6:57:Infinity":12,"s:58:6:58:Infinity":13,"f:62:11:62:28":5,"s:63:4:63:Infinity":14,"s:64:4:70:Infinity":15,"b:65:20:65:44:65:44:65:Infinity":2,"b:66:14:66:32:66:32:66:Infinity":3,"b:67:19:67:42:67:42:67:Infinity":4,"b:68:18:68:40:68:40:68:Infinity":5,"b:69:16:69:36:69:36:69:Infinity":6,"f:73:17:73:35":6,"s:74:20:74:56":16,"b:76:4:78:Infinity:undefined:undefined:undefined:undefined":7,"s:76:4:78:Infinity":17,"s:77:6:77:Infinity":18,"s:78:6:78:Infinity":19,"s:81:4:89:Infinity":20,"f:81:22:81:34":7,"s:82:6:86:Infinity":21,"s:87:6:87:Infinity":22,"s:88:6:88:Infinity":23,"f:92:17:92:31":8,"s:93:4:99:Infinity":24,"f:93:22:93:34":9,"s:94:6:94:Infinity":25,"b:95:6:96:Infinity:undefined:undefined:undefined:undefined":8,"s:95:6:96:Infinity":26,"s:96:8:96:Infinity":27,"s:98:6:98:Infinity":28,"s:102:2:113:Infinity":29}}}
}
